<?xml version="1.0" encoding="UTF-8"?>
<!-- Generated by org.testng.reporters.JUnitXMLReporter -->
<testsuite ignored="0" hostname="Prakash_Muthu" failures="0" tests="3" name="Default test" time="62.097" errors="0" timestamp="2023-04-13T10:32:24 IST">
  <testcase classname="day07.program03" name="testcase" time="14.754"/>
  <testcase classname="day07.program03" name="testcase" time="15.139"/>
  <testcase classname="day07.program03" name="testcase" time="32.17"/>
</testsuite> <!-- Default test -->
