<?xml version="1.0" encoding="UTF-8"?>
<!-- Generated by org.testng.reporters.JUnitXMLReporter -->
<testsuite ignored="0" hostname="Prakash_Muthu" failures="0" tests="3" name="Default test" time="0.084" errors="0" timestamp="2023-05-13T09:56:29 IST">
  <testcase classname="day06.program05" name="testcase1" time="0.015"/>
  <testcase classname="day06.program05" name="testcase2" time="0.003"/>
  <testcase classname="day06.program05" name="testcase3" time="0.002"/>
</testsuite> <!-- Default test -->
