<?xml version="1.0" encoding="UTF-8"?>
<!-- Generated by org.testng.reporters.JUnitXMLReporter -->
<testsuite ignored="3" hostname="Prakash_Muthu" failures="0" tests="1" name="Test" time="0.037" errors="0" timestamp="2024-01-25T11:49:53 IST">
  <testcase classname="day07.program02" name="testcase06" time="0.004"/>
  <testcase classname="day07.program02" name="testcase05" time="0.0">
    <ignored/>
  </testcase> <!-- testcase05 -->
  <testcase classname="day07.program02" name="testcase07" time="0.0">
    <ignored/>
  </testcase> <!-- testcase07 -->
  <testcase classname="day07.program02" name="testcase08" time="0.0">
    <ignored/>
  </testcase> <!-- testcase08 -->
</testsuite> <!-- Test -->
