<?xml version="1.0" encoding="UTF-8"?>
<!-- Generated by org.testng.reporters.JUnitXMLReporter -->
<testsuite ignored="0" hostname="Prakash_Muthu" failures="0" tests="4" name="Test" time="47.786" errors="0" timestamp="2023-04-10T08:31:04 IST">
  <testcase classname="day08.program04" name="edgeuser1" time="34.606"/>
  <testcase classname="day08.program03" name="chromeuser1" time="39.151"/>
  <testcase classname="day08.program04" name="edgeuser2" time="6.813"/>
  <testcase classname="day08.program03" name="chromeuser2" time="8.59"/>
</testsuite> <!-- Test -->
