<?xml version="1.0" encoding="UTF-8"?>
<testng-results ignored="0" total="3" passed="3" failed="0" skipped="0">
  <reporter-output>
  </reporter-output>
  <suite started-at="2023-04-13T10:31:22 IST" name="Default suite" finished-at="2023-04-13T10:32:24 IST" duration-ms="62097">
    <groups>
    </groups>
    <test started-at="2023-04-13T10:31:22 IST" name="Default test" finished-at="2023-04-13T10:32:24 IST" duration-ms="62097">
      <class name="day07.program03">
        <test-method signature="testcase(java.lang.String,java.lang.String)[pri:0, instance:day07.program03@74751b3]" started-at="2023-04-13T10:31:22 IST" name="testcase" data-provider="demo" finished-at="2023-04-13T10:31:37 IST" duration-ms="14754" status="PASS">
          <params>
            <param index="0">
              <value>
                <![CDATA[vijay]]>
              </value>
            </param>
            <param index="1">
              <value>
                <![CDATA[prakash]]>
              </value>
            </param>
          </params>
          <reporter-output>
          </reporter-output>
        </test-method> <!-- testcase -->
        <test-method signature="testcase(java.lang.String,java.lang.String)[pri:0, instance:day07.program03@74751b3]" started-at="2023-04-13T10:31:37 IST" name="testcase" data-provider="demo" finished-at="2023-04-13T10:31:52 IST" duration-ms="15139" status="PASS">
          <params>
            <param index="0">
              <value>
                <![CDATA[testA]]>
              </value>
            </param>
            <param index="1">
              <value>
                <![CDATA[testB]]>
              </value>
            </param>
          </params>
          <reporter-output>
          </reporter-output>
        </test-method> <!-- testcase -->
        <test-method signature="testcase(java.lang.String,java.lang.String)[pri:0, instance:day07.program03@74751b3]" started-at="2023-04-13T10:31:52 IST" name="testcase" data-provider="demo" finished-at="2023-04-13T10:32:24 IST" duration-ms="32170" status="PASS">
          <params>
            <param index="0">
              <value>
                <![CDATA[testC]]>
              </value>
            </param>
            <param index="1">
              <value>
                <![CDATA[testD]]>
              </value>
            </param>
          </params>
          <reporter-output>
          </reporter-output>
        </test-method> <!-- testcase -->
      </class> <!-- day07.program03 -->
    </test> <!-- Default test -->
  </suite> <!-- Default suite -->
</testng-results>
