<?xml version="1.0" encoding="UTF-8"?>
<testng-results ignored="0" total="3" passed="3" failed="0" skipped="0">
  <reporter-output>
  </reporter-output>
  <suite started-at="2023-05-13T09:56:29 IST" name="Default suite" finished-at="2023-05-13T09:56:29 IST" duration-ms="84">
    <groups>
    </groups>
    <test started-at="2023-05-13T09:56:29 IST" name="Default test" finished-at="2023-05-13T09:56:29 IST" duration-ms="84">
      <class name="day06.program05">
        <test-method is-config="true" signature="beforetest()[pri:0, instance:day06.program05@12aba8be]" started-at="2023-05-13T09:56:29 IST" name="beforetest" finished-at="2023-05-13T09:56:29 IST" duration-ms="6" status="PASS">
          <reporter-output>
          </reporter-output>
        </test-method> <!-- beforetest -->
        <test-method signature="testcase1()[pri:0, instance:day06.program05@12aba8be]" started-at="2023-05-13T09:56:29 IST" name="testcase1" finished-at="2023-05-13T09:56:29 IST" duration-ms="15" status="PASS">
          <reporter-output>
          </reporter-output>
        </test-method> <!-- testcase1 -->
        <test-method signature="testcase2()[pri:0, instance:day06.program05@12aba8be]" started-at="2023-05-13T09:56:29 IST" name="testcase2" finished-at="2023-05-13T09:56:29 IST" duration-ms="3" status="PASS">
          <reporter-output>
          </reporter-output>
        </test-method> <!-- testcase2 -->
        <test-method signature="testcase3()[pri:0, instance:day06.program05@12aba8be]" started-at="2023-05-13T09:56:29 IST" name="testcase3" finished-at="2023-05-13T09:56:29 IST" duration-ms="2" status="PASS">
          <reporter-output>
          </reporter-output>
        </test-method> <!-- testcase3 -->
        <test-method is-config="true" signature="aftertest()[pri:0, instance:day06.program05@12aba8be]" started-at="2023-05-13T09:56:29 IST" name="aftertest" finished-at="2023-05-13T09:56:29 IST" duration-ms="0" status="PASS">
          <reporter-output>
          </reporter-output>
        </test-method> <!-- aftertest -->
      </class> <!-- day06.program05 -->
    </test> <!-- Default test -->
  </suite> <!-- Default suite -->
</testng-results>
